<?xml version="1.0" encoding="UTF-8"?>
<!-- Generated by org.testng.reporters.JUnitReportReporter -->
<testsuite hostname="DESKTOP-235TKBU" failures="0" tests="1" name="pageobject.SigninPage" time="0.000" errors="0" timestamp="2021-11-22T11:17:16 IST" skipped="1">
  <testcase classname="pageobject.SigninPage" name="logintest" time="0.000">
    <skipped/>
  </testcase> <!-- logintest -->
  <system-out/>
</testsuite> <!-- pageobject.SigninPage -->
