<?xml version="1.0" encoding="UTF-8"?>
<!-- Generated by org.testng.reporters.JUnitReportReporter -->
<testsuite hostname="DESKTOP-235TKBU" failures="0" tests="4" name="runner.TestRunner" time="79.430" errors="0" timestamp="2021-11-22T11:30:03 IST" skipped="0">
  <testcase classname="runner.TestRunner" name="runScenario" time="23.732"/>
  <system-out/>
  <testcase classname="runner.TestRunner" name="runScenario" time="21.161"/>
  <system-out/>
  <testcase classname="runner.TestRunner" name="runScenario" time="20.113"/>
  <system-out/>
  <testcase classname="runner.TestRunner" name="runScenario" time="14.424"/>
  <system-out/>
</testsuite> <!-- runner.TestRunner -->
