<?xml version="1.0" encoding="UTF-8"?>
<!-- Generated by org.testng.reporters.JUnitReportReporter -->
<testsuite hostname="DESKTOP-235TKBU" failures="0" tests="1" name="pageobject.SearchPage" time="30.570" errors="0" timestamp="2021-11-23T12:17:52 IST" skipped="0">
  <testcase classname="pageobject.SearchPage" name="SearchBar" time="30.570"/>
  <system-out/>
</testsuite> <!-- pageobject.SearchPage -->
