<?xml version="1.0" encoding="UTF-8"?>
<!-- Generated by org.testng.reporters.JUnitReportReporter -->
<testsuite hostname="DESKTOP-235TKBU" failures="0" tests="4" name="runner.TestRunner" time="79.809" errors="0" timestamp="2021-11-21T23:13:50 IST" skipped="0">
  <testcase classname="runner.TestRunner" name="runScenario" time="23.866"/>
  <system-out/>
  <testcase classname="runner.TestRunner" name="runScenario" time="21.164"/>
  <system-out/>
  <testcase classname="runner.TestRunner" name="runScenario" time="18.583"/>
  <system-out/>
  <testcase classname="runner.TestRunner" name="runScenario" time="16.196"/>
  <system-out/>
</testsuite> <!-- runner.TestRunner -->
